2019-04-23 12:02:59 DEBUG requestObject received = com.ojas.obs.request.DesignationRequest@7faea614
2019-04-23 12:02:59 DEBUG incoming request 3121
2019-04-23 12:02:59 DEBUG inside get in DesignationServiceImpl.***
2019-04-23 12:03:13 DEBUG incoming requests com.ojas.obs.request.DesignationRequest@2bc2ae29
2019-04-23 12:03:13 DEBUG incoming request 3121
2019-04-23 12:03:13 DEBUG inside set method : com.ojas.obs.request.DesignationRequest@2bc2ae29
2019-04-23 12:03:13 DEBUG Inside save Designation..getConnection()
2019-04-23 12:03:13 DEBUG Inside save Designation..getConnection()
2019-04-23 12:03:13 DEBUG Inside save Designation..getConnection()
2019-04-23 12:03:14 DEBUG inside  save condition.****** : true
2019-04-23 12:03:46 DEBUG incoming requests com.ojas.obs.request.DesignationRequest@251e71d
2019-04-23 12:03:46 DEBUG incoming request 3121
2019-04-23 12:03:46 DEBUG inside set method : com.ojas.obs.request.DesignationRequest@251e71d
2019-04-23 12:03:46 DEBUG Inside save Designation..getConnection()
2019-04-23 12:03:46 DEBUG Inside save Designation..getConnection()
2019-04-23 12:03:46 DEBUG Inside save Designation..getConnection()
2019-04-23 12:03:46 DEBUG inside  save condition.****** : true
2019-04-23 12:04:35 DEBUG incoming requests com.ojas.obs.request.DesignationRequest@3056d6ac
2019-04-23 12:04:35 DEBUG incoming request 3121
2019-04-23 12:04:35 DEBUG inside set method : com.ojas.obs.request.DesignationRequest@3056d6ac
2019-04-23 12:04:35 DEBUG Inside updateDesignation..DAO *****
2019-04-23 12:04:35 DEBUG inside  update condition.****** : true
2019-04-23 12:05:28 DEBUG requestObject received = com.ojas.obs.request.DesignationRequest@2c679efd
2019-04-23 12:05:28 DEBUG incoming request 3121
2019-04-23 12:05:28 DEBUG inside get in DesignationServiceImpl.***
2019-04-23 12:05:28 DEBUG inside  get_count condition.****** : 
2019-04-23 12:05:52 DEBUG requestObject received = com.ojas.obs.request.DesignationRequest@28b9814a
2019-04-23 12:05:52 DEBUG incoming request 3121
2019-04-23 12:05:52 DEBUG inside get in DesignationServiceImpl.***
2019-04-23 12:05:59 DEBUG requestObject received = com.ojas.obs.request.DesignationRequest@6b615673
2019-04-23 12:05:59 DEBUG incoming request 3121
2019-04-23 12:05:59 DEBUG inside get in DesignationServiceImpl.***
2019-04-23 12:05:59 DEBUG Inside getAllDesignationDetails DAO .***
